2025-09-14 23:55:50,415 - INFO - Initializing MT5 to Notion Sync
2025-09-14 23:55:51,138 - INFO - HTTP Request: GET https://api.notion.com/v1/users/me "HTTP/1.1 200 OK"
2025-09-14 23:55:51,139 - INFO - Connected to Notion as: Cortana AI
2025-09-14 23:55:52,427 - INFO - HTTP Request: GET https://api.notion.com/v1/databases/12fed020-61a9-80f4-a9b5-f74019e45cf6 "HTTP/1.1 200 OK"
2025-09-14 23:55:52,428 - INFO - Connected to database: Record
2025-09-14 23:55:52,429 - INFO - Database properties: SL, Pair, NEWS, RR, L/H setup,  Over all, DWS, Risk, SWAP, Loss, Results , Commission, Market, Open, Session, RSI Level, Breakeven, error, Net, TP, Same setup, Emotional State, Result, Win, Close, LQ, Note, Ticket ID, DAY, Wick, Pic, TF type, TF, Trade Type, Name, Language
2025-09-14 23:55:52,429 - INFO - Configuration:
2025-09-14 23:55:52,429 - INFO -   - Accounts: ['Mix']
2025-09-14 23:55:52,429 - INFO -   - Lookback days: 30
2025-09-14 23:55:52,429 - INFO -   - Sync interval: 15 minutes
2025-09-14 23:55:58,582 - INFO - Starting continuous sync (interval: 15 minutes)
2025-09-14 23:55:58,582 - INFO - Starting sync cycle
2025-09-14 23:55:58,583 - INFO - Syncing account: Mix
2025-09-14 23:55:58,584 - INFO - MT5 Connected to account 103331176
2025-09-14 23:55:58,591 - INFO - Found 25 closed trades for Mix
2025-09-14 23:55:58,995 - INFO - HTTP Request: POST https://api.notion.com/v1/databases/12fed020-61a9-80f4-a9b5-f74019e45cf6/query "HTTP/1.1 200 OK"
2025-09-14 23:55:59,471 - INFO - HTTP Request: POST https://api.notion.com/v1/pages "HTTP/1.1 200 OK"
2025-09-14 23:55:59,872 - INFO - HTTP Request: POST https://api.notion.com/v1/databases/12fed020-61a9-80f4-a9b5-f74019e45cf6/query "HTTP/1.1 200 OK"
2025-09-14 23:56:00,349 - INFO - HTTP Request: POST https://api.notion.com/v1/pages "HTTP/1.1 200 OK"
2025-09-14 23:56:00,833 - INFO - HTTP Request: POST https://api.notion.com/v1/databases/12fed020-61a9-80f4-a9b5-f74019e45cf6/query "HTTP/1.1 200 OK"
2025-09-14 23:56:01,862 - INFO - HTTP Request: POST https://api.notion.com/v1/pages "HTTP/1.1 200 OK"
2025-09-14 23:56:02,378 - INFO - HTTP Request: POST https://api.notion.com/v1/databases/12fed020-61a9-80f4-a9b5-f74019e45cf6/query "HTTP/1.1 200 OK"
2025-09-14 23:56:03,417 - INFO - HTTP Request: POST https://api.notion.com/v1/pages "HTTP/1.1 200 OK"
2025-09-14 23:56:03,810 - INFO - HTTP Request: POST https://api.notion.com/v1/databases/12fed020-61a9-80f4-a9b5-f74019e45cf6/query "HTTP/1.1 200 OK"
2025-09-14 23:56:04,496 - INFO - HTTP Request: POST https://api.notion.com/v1/pages "HTTP/1.1 200 OK"
2025-09-14 23:56:04,916 - INFO - HTTP Request: POST https://api.notion.com/v1/databases/12fed020-61a9-80f4-a9b5-f74019e45cf6/query "HTTP/1.1 200 OK"
2025-09-14 23:56:05,380 - INFO - HTTP Request: POST https://api.notion.com/v1/pages "HTTP/1.1 200 OK"
2025-09-14 23:56:06,090 - INFO - HTTP Request: POST https://api.notion.com/v1/databases/12fed020-61a9-80f4-a9b5-f74019e45cf6/query "HTTP/1.1 200 OK"
2025-09-14 23:56:06,532 - INFO - HTTP Request: POST https://api.notion.com/v1/pages "HTTP/1.1 200 OK"
2025-09-14 23:56:06,954 - INFO - HTTP Request: POST https://api.notion.com/v1/databases/12fed020-61a9-80f4-a9b5-f74019e45cf6/query "HTTP/1.1 200 OK"
2025-09-14 23:56:07,356 - INFO - HTTP Request: POST https://api.notion.com/v1/pages "HTTP/1.1 200 OK"
2025-09-14 23:56:07,733 - INFO - HTTP Request: POST https://api.notion.com/v1/databases/12fed020-61a9-80f4-a9b5-f74019e45cf6/query "HTTP/1.1 200 OK"
2025-09-14 23:56:09,200 - INFO - HTTP Request: POST https://api.notion.com/v1/pages "HTTP/1.1 200 OK"
2025-09-14 23:56:09,576 - INFO - HTTP Request: POST https://api.notion.com/v1/databases/12fed020-61a9-80f4-a9b5-f74019e45cf6/query "HTTP/1.1 200 OK"
2025-09-14 23:56:09,983 - INFO - HTTP Request: POST https://api.notion.com/v1/pages "HTTP/1.1 200 OK"
2025-09-14 23:56:13,537 - INFO - HTTP Request: POST https://api.notion.com/v1/databases/12fed020-61a9-80f4-a9b5-f74019e45cf6/query "HTTP/1.1 200 OK"
2025-09-14 23:56:13,968 - INFO - HTTP Request: POST https://api.notion.com/v1/pages "HTTP/1.1 200 OK"
2025-09-14 23:56:14,643 - INFO - HTTP Request: POST https://api.notion.com/v1/databases/12fed020-61a9-80f4-a9b5-f74019e45cf6/query "HTTP/1.1 200 OK"
2025-09-14 23:56:15,708 - INFO - HTTP Request: POST https://api.notion.com/v1/pages "HTTP/1.1 200 OK"
2025-09-14 23:56:16,092 - INFO - HTTP Request: POST https://api.notion.com/v1/databases/12fed020-61a9-80f4-a9b5-f74019e45cf6/query "HTTP/1.1 200 OK"
2025-09-14 23:56:16,966 - INFO - HTTP Request: POST https://api.notion.com/v1/pages "HTTP/1.1 200 OK"
2025-09-14 23:56:17,854 - INFO - HTTP Request: POST https://api.notion.com/v1/databases/12fed020-61a9-80f4-a9b5-f74019e45cf6/query "HTTP/1.1 200 OK"
2025-09-14 23:56:18,294 - INFO - HTTP Request: POST https://api.notion.com/v1/pages "HTTP/1.1 200 OK"
2025-09-14 23:56:19,270 - INFO - HTTP Request: POST https://api.notion.com/v1/databases/12fed020-61a9-80f4-a9b5-f74019e45cf6/query "HTTP/1.1 200 OK"
2025-09-14 23:56:20,262 - INFO - HTTP Request: POST https://api.notion.com/v1/pages "HTTP/1.1 200 OK"
2025-09-14 23:56:20,838 - INFO - HTTP Request: POST https://api.notion.com/v1/databases/12fed020-61a9-80f4-a9b5-f74019e45cf6/query "HTTP/1.1 200 OK"
2025-09-14 23:56:21,561 - INFO - HTTP Request: POST https://api.notion.com/v1/pages "HTTP/1.1 200 OK"
2025-09-14 23:56:21,956 - INFO - HTTP Request: POST https://api.notion.com/v1/databases/12fed020-61a9-80f4-a9b5-f74019e45cf6/query "HTTP/1.1 200 OK"
2025-09-14 23:56:22,383 - INFO - HTTP Request: POST https://api.notion.com/v1/pages "HTTP/1.1 200 OK"
2025-09-14 23:56:22,757 - INFO - HTTP Request: POST https://api.notion.com/v1/databases/12fed020-61a9-80f4-a9b5-f74019e45cf6/query "HTTP/1.1 200 OK"
2025-09-14 23:56:23,185 - INFO - HTTP Request: POST https://api.notion.com/v1/pages "HTTP/1.1 200 OK"
2025-09-14 23:56:23,558 - INFO - HTTP Request: POST https://api.notion.com/v1/databases/12fed020-61a9-80f4-a9b5-f74019e45cf6/query "HTTP/1.1 200 OK"
2025-09-14 23:56:24,307 - INFO - HTTP Request: POST https://api.notion.com/v1/pages "HTTP/1.1 200 OK"
2025-09-14 23:56:24,853 - INFO - HTTP Request: POST https://api.notion.com/v1/databases/12fed020-61a9-80f4-a9b5-f74019e45cf6/query "HTTP/1.1 200 OK"
2025-09-14 23:56:25,234 - INFO - HTTP Request: POST https://api.notion.com/v1/pages "HTTP/1.1 200 OK"
2025-09-14 23:56:25,709 - INFO - HTTP Request: POST https://api.notion.com/v1/databases/12fed020-61a9-80f4-a9b5-f74019e45cf6/query "HTTP/1.1 200 OK"
2025-09-14 23:56:26,142 - INFO - HTTP Request: POST https://api.notion.com/v1/pages "HTTP/1.1 200 OK"
2025-09-14 23:56:26,538 - INFO - HTTP Request: POST https://api.notion.com/v1/databases/12fed020-61a9-80f4-a9b5-f74019e45cf6/query "HTTP/1.1 200 OK"
2025-09-14 23:56:27,060 - INFO - HTTP Request: POST https://api.notion.com/v1/pages "HTTP/1.1 200 OK"
2025-09-14 23:56:29,298 - INFO - HTTP Request: POST https://api.notion.com/v1/databases/12fed020-61a9-80f4-a9b5-f74019e45cf6/query "HTTP/1.1 200 OK"
2025-09-14 23:56:34,322 - INFO - HTTP Request: POST https://api.notion.com/v1/pages "HTTP/1.1 200 OK"
2025-09-14 23:56:34,717 - INFO - HTTP Request: POST https://api.notion.com/v1/databases/12fed020-61a9-80f4-a9b5-f74019e45cf6/query "HTTP/1.1 200 OK"
2025-09-14 23:56:35,084 - INFO - HTTP Request: POST https://api.notion.com/v1/pages "HTTP/1.1 200 OK"
2025-09-14 23:56:35,491 - INFO - HTTP Request: POST https://api.notion.com/v1/databases/12fed020-61a9-80f4-a9b5-f74019e45cf6/query "HTTP/1.1 200 OK"
2025-09-14 23:56:35,918 - INFO - HTTP Request: POST https://api.notion.com/v1/pages "HTTP/1.1 200 OK"
2025-09-14 23:56:36,020 - INFO - Account Mix sync completed: 25 added, 0 errors
2025-09-14 23:56:38,021 - INFO - Sync cycle completed: 25 trades added, 0 errors
2025-09-14 23:56:38,021 - INFO - Waiting 15 minutes for next sync...
2025-09-15 00:02:06,649 - INFO - Initializing MT5 to Notion Sync
2025-09-15 00:02:07,419 - INFO - HTTP Request: GET https://api.notion.com/v1/users/me "HTTP/1.1 200 OK"
2025-09-15 00:02:07,419 - INFO - Connected to Notion as: Cortana AI
2025-09-15 00:02:07,816 - INFO - HTTP Request: GET https://api.notion.com/v1/databases/12fed020-61a9-80f4-a9b5-f74019e45cf6 "HTTP/1.1 200 OK"
2025-09-15 00:02:07,819 - INFO - Connected to database: Record
2025-09-15 00:02:07,819 - INFO - Database properties: SL, Pair, NEWS, RR, L/H setup,  Over all, DWS, Risk, SWAP, Loss, Results , Commission, Market, Open, Session, RSI Level, Breakeven, error, Net, TP, Same setup, Emotional State, Result, Win, Close, LQ, Note, Ticket ID, DAY, Wick, Pic, TF type, TF, Trade Type, Name, Language
2025-09-15 00:02:07,819 - INFO - Configuration:
2025-09-15 00:02:07,819 - INFO -   - Accounts: ['Mix']
2025-09-15 00:02:07,819 - INFO -   - Lookback days: 1
2025-09-15 00:02:07,819 - INFO -   - Sync interval: 15 minutes
2025-09-15 00:02:12,583 - INFO - Starting continuous sync (interval: 15 minutes)
2025-09-15 00:02:12,583 - INFO - Starting sync cycle
2025-09-15 00:02:12,583 - INFO - Syncing account: Mix
2025-09-15 00:02:12,585 - INFO - MT5 Connected to account 103331176
2025-09-15 00:02:12,585 - INFO - No deals found for account Mix
2025-09-15 00:02:12,585 - INFO - Account Mix sync completed: 0 added, 0 errors
2025-09-15 00:02:14,585 - INFO - Sync cycle completed: 0 trades added, 0 errors
2025-09-15 00:02:14,585 - INFO - Waiting 15 minutes for next sync...
2025-09-15 00:04:41,398 - WARNING - Skipping incomplete account 3: None
2025-09-15 00:04:41,398 - WARNING - Skipping incomplete account 4: None
2025-09-15 00:04:41,399 - WARNING - Skipping incomplete account 5: None
2025-09-15 00:04:41,399 - WARNING - Skipping incomplete account 6: None
2025-09-15 00:04:41,399 - WARNING - Skipping incomplete account 7: None
2025-09-15 00:04:41,399 - INFO - Initializing MT5 to Notion Sync
2025-09-15 00:04:42,706 - INFO - HTTP Request: GET https://api.notion.com/v1/users/me "HTTP/1.1 200 OK"
2025-09-15 00:04:42,706 - INFO - Connected to Notion as: Cortana AI
2025-09-15 00:04:43,234 - INFO - HTTP Request: GET https://api.notion.com/v1/databases/12fed020-61a9-80f4-a9b5-f74019e45cf6 "HTTP/1.1 200 OK"
2025-09-15 00:04:43,236 - INFO - Connected to database: Record
2025-09-15 00:04:43,237 - INFO - Database properties: SL, Pair, NEWS, RR, L/H setup,  Over all, DWS, Risk, SWAP, Loss, Results , Commission, Market, Open, Session, RSI Level, Breakeven, error, Net, TP, Same setup, Emotional State, Result, Win, Close, LQ, Note, Ticket ID, DAY, Wick, Pic, TF type, TF, Trade Type, Name, Language
2025-09-15 00:04:43,237 - INFO - Configuration:
2025-09-15 00:04:43,237 - INFO -   - Accounts: ['Mix', 'FTMO1']
2025-09-15 00:04:43,237 - INFO -   - Lookback days: 1
2025-09-15 00:04:43,237 - INFO -   - Sync interval: 15 minutes
2025-09-15 00:04:47,214 - INFO - Starting sync cycle
2025-09-15 00:04:47,214 - INFO - Syncing account: Mix
2025-09-15 00:04:47,216 - INFO - MT5 Connected to account 103331176
2025-09-15 00:04:47,216 - INFO - No deals found for account Mix
2025-09-15 00:04:47,216 - INFO - Account Mix sync completed: 0 added, 0 errors
2025-09-15 00:04:49,217 - INFO - Syncing account: FTMO1
2025-09-15 00:04:49,217 - ERROR - Cannot connect to FTMO1: MT5 connection failed: (-10003, "IPC initialize failed, Process create failed 'C:\\Program Files\\MetaTrader 5 - Account 2\\terminal64.exe'")
2025-09-15 00:04:51,218 - INFO - Sync cycle completed: 0 trades added, 1 errors
2025-09-15 00:05:12,620 - WARNING - Skipping incomplete account 3: None
2025-09-15 00:05:12,620 - WARNING - Skipping incomplete account 4: None
2025-09-15 00:05:12,620 - WARNING - Skipping incomplete account 5: None
2025-09-15 00:05:12,622 - WARNING - Skipping incomplete account 6: None
2025-09-15 00:05:12,622 - WARNING - Skipping incomplete account 7: None
2025-09-15 00:05:12,622 - INFO - Initializing MT5 to Notion Sync
2025-09-15 00:05:14,004 - INFO - HTTP Request: GET https://api.notion.com/v1/users/me "HTTP/1.1 200 OK"
2025-09-15 00:05:14,004 - INFO - Connected to Notion as: Cortana AI
2025-09-15 00:05:14,388 - INFO - HTTP Request: GET https://api.notion.com/v1/databases/12fed020-61a9-80f4-a9b5-f74019e45cf6 "HTTP/1.1 200 OK"
2025-09-15 00:05:14,390 - INFO - Connected to database: Record
2025-09-15 00:05:14,391 - INFO - Database properties: SL, Pair, NEWS, RR, L/H setup,  Over all, DWS, Risk, SWAP, Loss, Results , Commission, Market, Open, Session, RSI Level, Breakeven, error, Net, TP, Same setup, Emotional State, Result, Win, Close, LQ, Note, Ticket ID, DAY, Wick, Pic, TF type, TF, Trade Type, Name, Language
2025-09-15 00:05:14,391 - INFO - Configuration:
2025-09-15 00:05:14,391 - INFO -   - Accounts: ['Mix', 'FTMO1']
2025-09-15 00:05:14,391 - INFO -   - Lookback days: 1
2025-09-15 00:05:14,391 - INFO -   - Sync interval: 15 minutes
2025-09-15 00:05:32,555 - INFO - Initializing MT5 to Notion Sync
2025-09-15 00:05:32,968 - INFO - HTTP Request: GET https://api.notion.com/v1/users/me "HTTP/1.1 200 OK"
2025-09-15 00:05:32,968 - INFO - Connected to Notion as: Cortana AI
2025-09-15 00:05:33,349 - INFO - HTTP Request: GET https://api.notion.com/v1/databases/12fed020-61a9-80f4-a9b5-f74019e45cf6 "HTTP/1.1 200 OK"
2025-09-15 00:05:33,358 - INFO - Connected to database: Record
2025-09-15 00:05:33,358 - INFO - Database properties: SL, Pair, NEWS, RR, L/H setup,  Over all, DWS, Risk, SWAP, Loss, Results , Commission, Market, Open, Session, RSI Level, Breakeven, error, Net, TP, Same setup, Emotional State, Result, Win, Close, LQ, Note, Ticket ID, DAY, Wick, Pic, TF type, TF, Trade Type, Name, Language
2025-09-15 00:05:33,358 - INFO - Configuration:
2025-09-15 00:05:33,358 - INFO -   - Accounts: ['Mix']
2025-09-15 00:05:33,358 - INFO -   - Lookback days: 7
2025-09-15 00:05:33,358 - INFO -   - Sync interval: 15 minutes
2025-09-15 00:05:37,254 - INFO - Starting sync cycle
2025-09-15 00:05:37,255 - INFO - Syncing account: Mix
2025-09-15 00:05:37,256 - INFO - MT5 Connected to account 103331176
2025-09-15 00:05:37,259 - INFO - Found 5 closed trades for Mix
2025-09-15 00:05:37,557 - INFO - HTTP Request: POST https://api.notion.com/v1/databases/12fed020-61a9-80f4-a9b5-f74019e45cf6/query "HTTP/1.1 200 OK"
2025-09-15 00:05:37,877 - INFO - HTTP Request: POST https://api.notion.com/v1/databases/12fed020-61a9-80f4-a9b5-f74019e45cf6/query "HTTP/1.1 200 OK"
2025-09-15 00:05:38,199 - INFO - HTTP Request: POST https://api.notion.com/v1/databases/12fed020-61a9-80f4-a9b5-f74019e45cf6/query "HTTP/1.1 200 OK"
2025-09-15 00:05:38,722 - INFO - HTTP Request: POST https://api.notion.com/v1/databases/12fed020-61a9-80f4-a9b5-f74019e45cf6/query "HTTP/1.1 200 OK"
2025-09-15 00:05:39,248 - INFO - HTTP Request: POST https://api.notion.com/v1/pages "HTTP/1.1 200 OK"
2025-09-15 00:05:39,671 - INFO - HTTP Request: POST https://api.notion.com/v1/databases/12fed020-61a9-80f4-a9b5-f74019e45cf6/query "HTTP/1.1 200 OK"
2025-09-15 00:05:41,720 - INFO - HTTP Request: POST https://api.notion.com/v1/pages "HTTP/1.1 200 OK"
2025-09-15 00:05:41,822 - INFO - Account Mix sync completed: 2 added, 0 errors
2025-09-15 00:05:43,822 - INFO - Sync cycle completed: 2 trades added, 0 errors
2025-09-15 00:06:21,004 - INFO - Initializing MT5 to Notion Sync
2025-09-15 00:06:21,710 - INFO - HTTP Request: GET https://api.notion.com/v1/users/me "HTTP/1.1 200 OK"
2025-09-15 00:06:21,711 - INFO - Connected to Notion as: Cortana AI
2025-09-15 00:06:22,991 - INFO - HTTP Request: GET https://api.notion.com/v1/databases/12fed020-61a9-80f4-a9b5-f74019e45cf6 "HTTP/1.1 200 OK"
2025-09-15 00:06:22,994 - INFO - Connected to database: Record
2025-09-15 00:06:22,994 - INFO - Database properties: SL, Pair, NEWS, RR, L/H setup,  Over all, DWS, Risk, SWAP, Loss, Results , Commission, Market, Open, Session, RSI Level, Breakeven, error, Net, TP, Same setup, Emotional State, Result, Win, Close, LQ, Note, Ticket ID, DAY, Wick, Pic, TF type, TF, Trade Type, Name, Language
2025-09-15 00:06:22,994 - INFO - Configuration:
2025-09-15 00:06:22,994 - INFO -   - Accounts: ['Mix']
2025-09-15 00:06:22,994 - INFO -   - Lookback days: 7
2025-09-15 00:06:22,994 - INFO -   - Sync interval: 15 minutes
2025-09-15 00:06:31,319 - INFO - Starting sync cycle
2025-09-15 00:06:31,319 - INFO - Syncing account: Mix
2025-09-15 00:06:31,320 - INFO - MT5 Connected to account 103331176
2025-09-15 00:06:31,323 - INFO - Found 5 closed trades for Mix
2025-09-15 00:06:32,016 - INFO - HTTP Request: POST https://api.notion.com/v1/databases/12fed020-61a9-80f4-a9b5-f74019e45cf6/query "HTTP/1.1 200 OK"
2025-09-15 00:06:32,335 - INFO - HTTP Request: POST https://api.notion.com/v1/databases/12fed020-61a9-80f4-a9b5-f74019e45cf6/query "HTTP/1.1 200 OK"
2025-09-15 00:06:32,654 - INFO - HTTP Request: POST https://api.notion.com/v1/databases/12fed020-61a9-80f4-a9b5-f74019e45cf6/query "HTTP/1.1 200 OK"
2025-09-15 00:06:32,949 - INFO - HTTP Request: POST https://api.notion.com/v1/databases/12fed020-61a9-80f4-a9b5-f74019e45cf6/query "HTTP/1.1 200 OK"
2025-09-15 00:06:38,052 - INFO - HTTP Request: POST https://api.notion.com/v1/databases/12fed020-61a9-80f4-a9b5-f74019e45cf6/query "HTTP/1.1 200 OK"
2025-09-15 00:06:38,068 - INFO - Account Mix sync completed: 0 added, 0 errors
2025-09-15 00:06:40,069 - INFO - Sync cycle completed: 0 trades added, 0 errors
2025-09-15 00:06:58,720 - INFO - Initializing MT5 to Notion Sync
2025-09-15 00:06:59,201 - INFO - HTTP Request: GET https://api.notion.com/v1/users/me "HTTP/1.1 200 OK"
2025-09-15 00:06:59,201 - INFO - Connected to Notion as: Cortana AI
2025-09-15 00:06:59,979 - INFO - HTTP Request: GET https://api.notion.com/v1/databases/12fed020-61a9-80f4-a9b5-f74019e45cf6 "HTTP/1.1 200 OK"
2025-09-15 00:06:59,981 - INFO - Connected to database: Record
2025-09-15 00:06:59,981 - INFO - Database properties: SL, Pair, NEWS, RR, L/H setup,  Over all, DWS, Risk, SWAP, Loss, Results , Commission, Market, Open, Session, RSI Level, Breakeven, error, Net, TP, Same setup, Emotional State, Result, Win, Close, LQ, Note, Ticket ID, DAY, Wick, Pic, TF type, TF, Trade Type, Name, Language
2025-09-15 00:06:59,981 - INFO - Configuration:
2025-09-15 00:06:59,981 - INFO -   - Accounts: ['Mix']
2025-09-15 00:06:59,982 - INFO -   - Lookback days: 7
2025-09-15 00:06:59,982 - INFO -   - Sync interval: 15 minutes
2025-09-15 00:07:08,407 - INFO - Starting sync cycle
2025-09-15 00:07:08,407 - INFO - Syncing account: Mix
2025-09-15 00:07:08,408 - INFO - MT5 Connected to account 103331176
2025-09-15 00:07:08,411 - INFO - Found 5 closed trades for Mix
2025-09-15 00:07:08,956 - INFO - HTTP Request: POST https://api.notion.com/v1/databases/12fed020-61a9-80f4-a9b5-f74019e45cf6/query "HTTP/1.1 200 OK"
2025-09-15 00:07:09,297 - INFO - HTTP Request: POST https://api.notion.com/v1/databases/12fed020-61a9-80f4-a9b5-f74019e45cf6/query "HTTP/1.1 200 OK"
2025-09-15 00:07:10,172 - INFO - HTTP Request: POST https://api.notion.com/v1/databases/12fed020-61a9-80f4-a9b5-f74019e45cf6/query "HTTP/1.1 200 OK"
2025-09-15 00:07:11,240 - INFO - HTTP Request: POST https://api.notion.com/v1/databases/12fed020-61a9-80f4-a9b5-f74019e45cf6/query "HTTP/1.1 200 OK"
2025-09-15 00:07:13,347 - INFO - HTTP Request: POST https://api.notion.com/v1/pages "HTTP/1.1 200 OK"
2025-09-15 00:07:13,758 - INFO - HTTP Request: POST https://api.notion.com/v1/databases/12fed020-61a9-80f4-a9b5-f74019e45cf6/query "HTTP/1.1 200 OK"
2025-09-15 00:07:14,236 - INFO - HTTP Request: POST https://api.notion.com/v1/pages "HTTP/1.1 200 OK"
2025-09-15 00:07:14,338 - INFO - Account Mix sync completed: 2 added, 0 errors
2025-09-15 00:07:16,339 - INFO - Sync cycle completed: 2 trades added, 0 errors
2025-09-15 00:16:04,588 - INFO - Initializing MT5 to Notion Sync
2025-09-15 00:16:06,109 - INFO - HTTP Request: GET https://api.notion.com/v1/users/me "HTTP/1.1 200 OK"
2025-09-15 00:16:06,111 - INFO - Connected to Notion as: Cortana AI
2025-09-15 00:16:06,464 - INFO - HTTP Request: GET https://api.notion.com/v1/databases/12fed020-61a9-80f4-a9b5-f74019e45cf6 "HTTP/1.1 200 OK"
2025-09-15 00:16:06,466 - INFO - Connected to database: Record
2025-09-15 00:16:06,466 - INFO - Database properties: SL, Pair, NEWS, RR, L/H setup,  Over all, DWS, Risk, SWAP, Loss, Results , Commission, Market, Open, Session, RSI Level, Breakeven, error, Net, TP, Same setup, Emotional State, Result, Win, Close, LQ, Note, Ticket ID, DAY, Wick, Pic, TF type, TF, Trade Type, Name, Language
2025-09-15 00:16:06,466 - INFO - Configuration:
2025-09-15 00:16:06,466 - INFO -   - Accounts: ['Mix']
2025-09-15 00:16:06,466 - INFO -   - Lookback days: 7
2025-09-15 00:16:06,466 - INFO -   - Sync interval: 15 minutes
2025-09-15 00:16:18,853 - INFO - Starting sync cycle
2025-09-15 00:16:18,853 - INFO - Syncing account: Mix
2025-09-15 00:16:22,734 - INFO - MT5 Connected to account 103331176
2025-09-15 00:16:22,738 - INFO - Found 5 closed trades for Mix
2025-09-15 00:16:23,728 - INFO - HTTP Request: POST https://api.notion.com/v1/databases/12fed020-61a9-80f4-a9b5-f74019e45cf6/query "HTTP/1.1 200 OK"
2025-09-15 00:16:24,203 - INFO - HTTP Request: POST https://api.notion.com/v1/pages "HTTP/1.1 200 OK"
2025-09-15 00:16:24,608 - INFO - HTTP Request: POST https://api.notion.com/v1/databases/12fed020-61a9-80f4-a9b5-f74019e45cf6/query "HTTP/1.1 200 OK"
2025-09-15 00:16:25,008 - INFO - HTTP Request: POST https://api.notion.com/v1/pages "HTTP/1.1 200 OK"
2025-09-15 00:16:25,724 - INFO - HTTP Request: POST https://api.notion.com/v1/databases/12fed020-61a9-80f4-a9b5-f74019e45cf6/query "HTTP/1.1 200 OK"
2025-09-15 00:16:26,177 - INFO - HTTP Request: POST https://api.notion.com/v1/pages "HTTP/1.1 200 OK"
2025-09-15 00:16:29,194 - INFO - HTTP Request: POST https://api.notion.com/v1/databases/12fed020-61a9-80f4-a9b5-f74019e45cf6/query "HTTP/1.1 200 OK"
2025-09-15 00:16:30,093 - INFO - HTTP Request: POST https://api.notion.com/v1/pages "HTTP/1.1 200 OK"
2025-09-15 00:16:31,428 - INFO - HTTP Request: POST https://api.notion.com/v1/databases/12fed020-61a9-80f4-a9b5-f74019e45cf6/query "HTTP/1.1 200 OK"
2025-09-15 00:16:31,943 - INFO - HTTP Request: POST https://api.notion.com/v1/pages "HTTP/1.1 200 OK"
2025-09-15 00:16:32,048 - INFO - Account Mix sync completed: 5 added, 0 errors
2025-09-15 00:16:34,049 - INFO - Sync cycle completed: 5 trades added, 0 errors
2025-09-15 17:24:13,539 - INFO - Initializing MT5 to Notion Sync
2025-09-15 17:24:14,251 - INFO - Connected to Notion as: Cortana AI
2025-09-15 17:24:16,869 - INFO - Connected to database: Record
2025-09-15 17:24:16,870 - INFO - Database properties: SL, Pair, NEWS, RR, L/H setup,  Over all, DWS, Risk, SWAP, Loss, Results , Commission, Market, Open, Session, RSI Level, Breakeven, error, Net, TP, Same setup, Emotional State, Result, Win, Close, LQ, Note, Ticket ID, DAY, Wick, Pic, TF type, TF, Trade Type, Name, Language
2025-09-15 17:24:16,870 - INFO - Configuration:
2025-09-15 17:24:16,870 - INFO -   - Accounts: ['Mix']
2025-09-15 17:24:16,870 - INFO -   - Lookback days: 7
2025-09-15 17:24:16,870 - INFO -   - Sync interval: 15 minutes
2025-09-15 17:24:20,244 - INFO - Starting sync cycle
2025-09-15 17:24:20,244 - INFO - Syncing account: Mix
2025-09-15 17:24:20,245 - INFO - MT5 Connected to account 103331176
2025-09-15 17:24:20,248 - INFO - Found 3 closed trades for Mix
2025-09-15 17:24:21,930 - INFO - Account Mix sync completed: 0 added, 0 errors
2025-09-15 17:24:23,931 - INFO - Sync cycle completed: 0 trades added, 0 errors
2025-09-15 17:24:48,624 - INFO - Initializing MT5 to Notion Sync
2025-09-15 17:24:50,135 - INFO - Connected to Notion as: Cortana AI
2025-09-15 17:24:50,454 - INFO - Connected to database: Record
2025-09-15 17:24:50,454 - INFO - Database properties: SL, Pair, NEWS, RR, L/H setup,  Over all, DWS, Risk, SWAP, Loss, Results , Commission, Market, Open, Session, RSI Level, Breakeven, error, Net, TP, Same setup, Emotional State, Result, Win, Close, LQ, Note, Ticket ID, DAY, Wick, Pic, TF type, TF, Trade Type, Name, Language
2025-09-15 17:24:50,454 - INFO - Configuration:
2025-09-15 17:24:50,454 - INFO -   - Accounts: ['Mix']
2025-09-15 17:24:50,454 - INFO -   - Lookback days: 14
2025-09-15 17:24:50,454 - INFO -   - Sync interval: 15 minutes
2025-09-15 17:24:59,892 - INFO - Starting continuous sync (interval: 15 minutes)
2025-09-15 17:24:59,892 - INFO - Starting sync cycle
2025-09-15 17:24:59,892 - INFO - Syncing account: Mix
2025-09-15 17:24:59,894 - INFO - MT5 Connected to account 103331176
2025-09-15 17:24:59,898 - INFO - Found 9 closed trades for Mix
2025-09-15 17:25:06,286 - INFO - Account Mix sync completed: 0 added, 0 errors
2025-09-15 17:25:08,287 - INFO - Sync cycle completed: 0 trades added, 0 errors
2025-09-15 17:25:08,287 - INFO - Waiting 15 minutes for next sync...
2025-09-15 17:25:26,793 - INFO - Initializing MT5 to Notion Sync
2025-09-15 17:25:27,517 - INFO - Connected to Notion as: Cortana AI
2025-09-15 17:25:27,872 - INFO - Connected to database: Record
2025-09-15 17:25:27,872 - INFO - Database properties: SL, Pair, NEWS, RR, L/H setup,  Over all, DWS, Risk, SWAP, Loss, Results , Commission, Market, Open, Session, RSI Level, Breakeven, error, Net, TP, Same setup, Emotional State, Result, Win, Close, LQ, Note, Ticket ID, DAY, Wick, Pic, TF type, TF, Trade Type, Name, Language
2025-09-15 17:25:27,872 - INFO - Configuration:
2025-09-15 17:25:27,872 - INFO -   - Accounts: ['Mix']
2025-09-15 17:25:27,872 - INFO -   - Lookback days: 14
2025-09-15 17:25:27,872 - INFO -   - Sync interval: 15 minutes
2025-09-15 17:25:35,875 - INFO - Starting sync cycle
2025-09-15 17:25:35,875 - INFO - Syncing account: Mix
2025-09-15 17:25:35,877 - INFO - MT5 Connected to account 103331176
2025-09-15 17:25:35,882 - INFO - Found 9 closed trades for Mix
2025-09-15 17:25:36,756 - INFO - [SUCCESS] Trade 1001705653 added successfully
2025-09-15 17:25:39,220 - INFO - [SUCCESS] Trade 1004853550 added successfully
2025-09-15 17:25:42,474 - INFO - [SUCCESS] Trade 1005305517 added successfully
2025-09-15 17:25:43,381 - INFO - [SUCCESS] Trade 1005308168 added successfully
2025-09-15 17:25:44,369 - INFO - [SUCCESS] Trade 1010528739 added successfully
2025-09-15 17:25:45,885 - INFO - [SUCCESS] Trade 1015474392 added successfully
2025-09-15 17:25:50,174 - INFO - [SUCCESS] Trade 1015474420 added successfully
2025-09-15 17:25:50,275 - INFO - Account Mix sync completed: 7 added, 0 errors
2025-09-15 17:25:52,276 - INFO - Sync cycle completed: 7 trades added, 0 errors
2025-09-15 17:33:49,309 - INFO - Initializing MT5 to Notion Sync
2025-09-15 17:33:50,845 - INFO - Connected to Notion as: Cortana AI
2025-09-15 17:33:51,188 - INFO - Connected to database: Record
2025-09-15 17:33:51,188 - INFO - Database properties: SL, Pair, NEWS, RR, L/H setup,  Over all, DWS, Risk, SWAP, Loss, Results , Commission, Market, Open, Session, RSI Level, Breakeven, error, Net, TP, Same setup, Emotional State, Result, Win, Close, LQ, Note, Ticket ID, DAY, Wick, Pic, TF type, TF, Trade Type, Name, Language
2025-09-15 17:33:51,188 - INFO - Configuration:
2025-09-15 17:33:51,188 - INFO -   - Accounts: ['Mix']
2025-09-15 17:33:51,188 - INFO -   - Lookback days: 14
2025-09-15 17:33:51,188 - INFO -   - Sync interval: 15 minutes
2025-09-15 17:33:56,139 - INFO - Starting sync cycle
2025-09-15 17:33:56,139 - INFO - Syncing account: Mix
2025-09-15 17:33:56,140 - INFO - MT5 Connected to account 103331176
2025-09-15 17:33:56,143 - ERROR - Error getting trades for Mix: 'nickname'
2025-09-15 17:33:56,143 - INFO - Account Mix sync completed: 0 added, 0 errors
2025-09-15 17:33:58,144 - INFO - Sync cycle completed: 0 trades added, 0 errors
2025-09-15 23:56:26,503 - INFO - Initializing MT5 to Notion Sync
2025-09-15 23:56:27,241 - INFO - Connected to Notion as: Cortana AI
2025-09-15 23:56:32,614 - ERROR - Database access failed: Database not found. Check ID and integration permissions.
2025-09-15 23:56:32,615 - ERROR - Failed to initialize sync application
2025-09-15 23:57:19,709 - INFO - Initializing MT5 to Notion Sync
2025-09-15 23:57:20,111 - INFO - Connected to Notion as: Cortana AI
2025-09-15 23:57:20,390 - ERROR - Database access failed: Database not found. Check ID and integration permissions.
2025-09-15 23:57:20,390 - ERROR - Failed to initialize sync application
2025-09-16 00:02:57,163 - INFO - Processing database input: https://www.notion.so/26fed02061a980e6b5ebda39552c...
2025-09-16 00:02:57,163 - INFO - Extracting database ID from Notion URL
2025-09-16 00:02:57,163 - INFO - Extracted and formatted database ID: 26fed020-61a9-80e6-b5eb-da39552c31ad
2025-09-16 00:02:57,164 - INFO - Initializing MT5 to Notion Sync
2025-09-16 00:02:58,203 - INFO - Connected to Notion as: Cortana AI
2025-09-16 00:02:58,203 - INFO - Attempting to retrieve database: 26fed020-61a9-80e6-b5eb-da39552c31ad
2025-09-16 00:02:58,553 - ERROR - Database access failed: Database not found. Check ID and integration permissions.
2025-09-16 00:02:58,554 - ERROR - Failed to initialize sync application
2025-09-16 00:04:38,686 - INFO - Processing database input: 26fed02061a980e6b5ebda39552c31ad...
2025-09-16 00:04:38,687 - INFO - Converting raw database ID to formatted version
2025-09-16 00:04:38,687 - INFO - Initializing MT5 to Notion Sync
2025-09-16 00:04:39,611 - INFO - Connected to Notion as: Cortana AI
2025-09-16 00:04:39,611 - INFO - Attempting to retrieve database: 26fed020-61a9-80e6-b5eb-da39552c31ad
2025-09-16 00:04:40,138 - ERROR - Database access failed: Database not found. Check ID and integration permissions.
2025-09-16 00:04:40,138 - ERROR - Failed to initialize sync application
2025-09-16 00:05:13,790 - INFO - Initializing MT5 to Notion Sync
2025-09-16 00:05:13,790 - ERROR - DATABASE_ID is missing
2025-09-16 00:05:13,790 - ERROR - Invalid configuration
2025-09-16 00:05:13,790 - ERROR - Failed to initialize sync application
2025-09-16 00:06:03,022 - INFO - Initializing MT5 to Notion Sync
2025-09-16 00:06:04,198 - INFO - Connected to Notion as: Cortana AI
2025-09-16 00:06:04,479 - ERROR - Database access failed: Database not found. Check ID and integration permissions.
2025-09-16 00:06:04,479 - ERROR - Failed to initialize sync application
2025-09-16 00:06:51,903 - INFO - Initializing MT5 to Notion Sync
2025-09-16 00:06:52,628 - INFO - Connected to Notion as: Cortana AI
2025-09-16 00:06:52,914 - ERROR - Database access failed: Database not found. Check ID and integration permissions.
2025-09-16 00:06:52,914 - ERROR - Failed to initialize sync application
2025-09-16 00:08:11,299 - INFO - Initializing MT5 to Notion Sync
2025-09-16 00:08:12,094 - INFO - Connected to Notion as: Cortana AI
2025-09-16 00:08:13,577 - ERROR - Database access failed: Database not found. Check ID and integration permissions.
2025-09-16 00:08:13,578 - ERROR - Failed to initialize sync application
2025-09-16 00:12:19,496 - INFO - Initializing MT5 to Notion Sync
2025-09-16 00:12:20,367 - INFO - Connected to Notion as: Cortana AI
2025-09-16 00:12:20,717 - ERROR - Database access failed: Database not found. Check ID and integration permissions.
2025-09-16 00:12:20,717 - ERROR - Failed to initialize sync application
2025-09-16 00:16:03,157 - INFO - Initializing MT5 to Notion Sync
2025-09-16 00:16:03,727 - INFO - Connected to Notion as: Cortana AI
2025-09-16 00:16:04,443 - ERROR - Database access failed: API Error: Provided ID 26fed020-61a9-8076-9aa4-eedd83ce5980 is a page, not a database. Use the retrieve page API instead
2025-09-16 00:16:04,444 - ERROR - Failed to initialize sync application
2025-09-16 00:16:18,954 - INFO - Initializing MT5 to Notion Sync
2025-09-16 00:16:20,304 - INFO - Connected to Notion as: Cortana AI
2025-09-16 00:16:20,594 - ERROR - Database access failed: API Error: Provided ID 26fed020-61a9-8076-9aa4-eedd83ce5980 is a page, not a database. Use the retrieve page API instead
2025-09-16 00:16:20,594 - ERROR - Failed to initialize sync application
2025-09-16 00:17:18,129 - INFO - Processing database input: https://www.notion.so/26fed02061a980e6b5ebda39552c...
2025-09-16 00:17:18,129 - INFO - Extracting database ID from Notion URL
2025-09-16 00:17:18,129 - INFO - Extracted and formatted database ID: 26fed020-61a9-80e6-b5eb-da39552c31ad
2025-09-16 00:17:18,129 - INFO - Initializing MT5 to Notion Sync
2025-09-16 00:17:19,429 - INFO - Connected to Notion as: Cortana AI
2025-09-16 00:17:19,429 - INFO - Attempting to retrieve database: 26fed020-61a9-80e6-b5eb-da39552c31ad
2025-09-16 00:17:19,747 - INFO - Connected to database: Record
2025-09-16 00:17:19,747 - INFO - Database properties: TP, Pair, Open, Volume, SL, Magic Number, S/L Price, Order ID, Net Profit, SWAP, Open Price, Position ID, Ticket ID 1, Close Reason, Type, Overall, Close, Commission, Close Price, T/P Price, Comment, Risk, Profit, Ticket ID
2025-09-16 00:17:19,747 - INFO - Configuration:
2025-09-16 00:17:19,747 - INFO -   - Accounts: ['Mix']
2025-09-16 00:17:19,747 - INFO -   - Lookback days: 14
2025-09-16 00:17:19,747 - INFO -   - Sync interval: 15 minutes
2025-09-16 00:17:25,057 - INFO - Starting sync cycle
2025-09-16 00:17:25,057 - INFO - Syncing account: Mix
2025-09-16 00:17:25,059 - INFO - MT5 Connected to account 103331176
2025-09-16 00:17:25,063 - INFO - Found 10 closed trades for Mix
2025-09-16 00:17:25,482 - WARNING - Could not check existing trade 1001705653: The property type in the database does not match the property type of the filter provided: database property title does not match filter number
2025-09-16 00:17:25,931 - ERROR - [ERROR] Failed to add trade 1001705653: API Error creating trade: Ticket ID is expected to be title.
2025-09-16 00:17:26,290 - WARNING - Could not check existing trade 1004853550: The property type in the database does not match the property type of the filter provided: database property title does not match filter number
2025-09-16 00:17:26,562 - ERROR - [ERROR] Failed to add trade 1004853550: API Error creating trade: Ticket ID is expected to be title.
2025-09-16 00:17:27,007 - WARNING - Could not check existing trade 1005305517: The property type in the database does not match the property type of the filter provided: database property title does not match filter number
2025-09-16 00:17:27,281 - ERROR - [ERROR] Failed to add trade 1005305517: API Error creating trade: Ticket ID is expected to be title.
2025-09-16 00:17:31,251 - WARNING - Could not check existing trade 1005308168: The property type in the database does not match the property type of the filter provided: database property title does not match filter number
2025-09-16 00:17:32,528 - ERROR - [ERROR] Failed to add trade 1005308168: API Error creating trade: Ticket ID is expected to be title.
2025-09-16 00:17:32,894 - WARNING - Could not check existing trade 1010528739: The property type in the database does not match the property type of the filter provided: database property title does not match filter number
2025-09-16 00:17:33,154 - ERROR - [ERROR] Failed to add trade 1010528739: API Error creating trade: Ticket ID is expected to be title.
2025-09-16 00:17:33,608 - WARNING - Could not check existing trade 1013865990: The property type in the database does not match the property type of the filter provided: database property title does not match filter number
2025-09-16 00:17:34,242 - ERROR - [ERROR] Failed to add trade 1013865990: API Error creating trade: Ticket ID is expected to be title.
2025-09-16 00:17:34,608 - WARNING - Could not check existing trade 1013865991: The property type in the database does not match the property type of the filter provided: database property title does not match filter number
2025-09-16 00:17:34,902 - ERROR - [ERROR] Failed to add trade 1013865991: API Error creating trade: Ticket ID is expected to be title.
2025-09-16 00:17:35,283 - WARNING - Could not check existing trade 1015474392: The property type in the database does not match the property type of the filter provided: database property title does not match filter number
2025-09-16 00:17:35,767 - ERROR - [ERROR] Failed to add trade 1015474392: API Error creating trade: Ticket ID is expected to be title.
2025-09-16 00:17:36,154 - WARNING - Could not check existing trade 1015474420: The property type in the database does not match the property type of the filter provided: database property title does not match filter number
2025-09-16 00:17:36,439 - ERROR - [ERROR] Failed to add trade 1015474420: API Error creating trade: Ticket ID is expected to be title.
2025-09-16 00:17:36,804 - WARNING - Could not check existing trade 1019053207: The property type in the database does not match the property type of the filter provided: database property title does not match filter number
2025-09-16 00:17:37,686 - ERROR - [ERROR] Failed to add trade 1019053207: API Error creating trade: Ticket ID is expected to be title.
2025-09-16 00:17:37,788 - INFO - Account Mix sync completed: 0 added, 10 errors
2025-09-16 00:17:39,788 - INFO - Sync cycle completed: 0 trades added, 10 errors
2025-09-16 00:18:26,233 - INFO - Processing database input: https://www.notion.so/26fed02061a980e6b5ebda39552c...
2025-09-16 00:18:26,233 - INFO - Extracting database ID from Notion URL
2025-09-16 00:18:26,235 - INFO - Extracted and formatted database ID: 26fed020-61a9-80e6-b5eb-da39552c31ad
2025-09-16 00:18:26,235 - INFO - Initializing MT5 to Notion Sync
2025-09-16 00:18:26,963 - INFO - Connected to Notion as: Cortana AI
2025-09-16 00:18:26,963 - INFO - Attempting to retrieve database: 26fed020-61a9-80e6-b5eb-da39552c31ad
2025-09-16 00:18:28,118 - INFO - Connected to database: Record
2025-09-16 00:18:28,118 - INFO - Database properties: TP, Pair, Open, Volume, SL, Magic Number, S/L Price, Order ID, Net Profit, SWAP, Open Price, Position ID, Ticket ID 1, Close Reason, Type, Overall, Close, Commission, Close Price, T/P Price, Comment, Risk, Profit, Ticket ID
2025-09-16 00:18:28,118 - INFO - Configuration:
2025-09-16 00:18:28,119 - INFO -   - Accounts: ['Mix']
2025-09-16 00:18:28,119 - INFO -   - Lookback days: 14
2025-09-16 00:18:28,119 - INFO -   - Sync interval: 15 minutes
2025-09-16 00:18:34,216 - INFO - Starting sync cycle
2025-09-16 00:18:34,216 - INFO - Syncing account: Mix
2025-09-16 00:18:34,218 - INFO - MT5 Connected to account 103331176
2025-09-16 00:18:34,222 - INFO - Found 10 closed trades for Mix
2025-09-16 00:18:34,645 - WARNING - Could not check existing trade 1001705653: The property type in the database does not match the property type of the filter provided: database property title does not match filter number
2025-09-16 00:18:36,195 - ERROR - [ERROR] Failed to add trade 1001705653: API Error creating trade: Ticket ID is expected to be title.
2025-09-16 00:18:36,662 - WARNING - Could not check existing trade 1004853550: The property type in the database does not match the property type of the filter provided: database property title does not match filter number
2025-09-16 00:18:37,003 - ERROR - [ERROR] Failed to add trade 1004853550: API Error creating trade: Ticket ID is expected to be title.
2025-09-16 00:18:38,943 - WARNING - Could not check existing trade 1005305517: The property type in the database does not match the property type of the filter provided: database property title does not match filter number
2025-09-16 00:18:39,239 - ERROR - [ERROR] Failed to add trade 1005305517: API Error creating trade: Ticket ID is expected to be title.
2025-09-16 00:18:39,649 - WARNING - Could not check existing trade 1005308168: The property type in the database does not match the property type of the filter provided: database property title does not match filter number
2025-09-16 00:18:39,943 - ERROR - [ERROR] Failed to add trade 1005308168: API Error creating trade: Ticket ID is expected to be title.
2025-09-16 00:18:40,359 - WARNING - Could not check existing trade 1010528739: The property type in the database does not match the property type of the filter provided: database property title does not match filter number
2025-09-16 00:18:40,839 - ERROR - [ERROR] Failed to add trade 1010528739: API Error creating trade: Ticket ID is expected to be title.
2025-09-16 00:18:42,125 - WARNING - Could not check existing trade 1013865990: The property type in the database does not match the property type of the filter provided: database property title does not match filter number
2025-09-16 00:18:42,400 - ERROR - [ERROR] Failed to add trade 1013865990: API Error creating trade: Ticket ID is expected to be title.
2025-09-16 00:18:43,647 - WARNING - Could not check existing trade 1013865991: The property type in the database does not match the property type of the filter provided: database property title does not match filter number
2025-09-16 00:18:43,943 - ERROR - [ERROR] Failed to add trade 1013865991: API Error creating trade: Ticket ID is expected to be title.
2025-09-16 00:18:46,529 - WARNING - Could not check existing trade 1015474392: The property type in the database does not match the property type of the filter provided: database property title does not match filter number
2025-09-16 00:18:46,823 - ERROR - [ERROR] Failed to add trade 1015474392: API Error creating trade: Ticket ID is expected to be title.
2025-09-16 00:18:47,347 - WARNING - Could not check existing trade 1015474420: The property type in the database does not match the property type of the filter provided: database property title does not match filter number
2025-09-16 00:18:47,621 - ERROR - [ERROR] Failed to add trade 1015474420: API Error creating trade: Ticket ID is expected to be title.
2025-09-16 00:18:48,127 - WARNING - Could not check existing trade 1019053207: The property type in the database does not match the property type of the filter provided: database property title does not match filter number
2025-09-16 00:18:48,404 - ERROR - [ERROR] Failed to add trade 1019053207: API Error creating trade: Ticket ID is expected to be title.
2025-09-16 00:18:48,505 - INFO - Account Mix sync completed: 0 added, 10 errors
2025-09-16 00:18:50,505 - INFO - Sync cycle completed: 0 trades added, 10 errors
2025-09-16 00:20:25,104 - INFO - Processing database input: https://www.notion.so/26fed02061a980e6b5ebda39552c...
2025-09-16 00:20:25,104 - INFO - Extracting database ID from Notion URL
2025-09-16 00:20:25,104 - INFO - Extracted and formatted database ID: 26fed020-61a9-80e6-b5eb-da39552c31ad
2025-09-16 00:20:25,105 - INFO - Initializing MT5 to Notion Sync
2025-09-16 00:20:26,971 - INFO - Connected to Notion as: Cortana AI
2025-09-16 00:20:26,971 - INFO - Attempting to retrieve database: 26fed020-61a9-80e6-b5eb-da39552c31ad
2025-09-16 00:20:27,297 - INFO - Connected to database: Record
2025-09-16 00:20:27,297 - INFO - Database properties: TP, Pair, Open, Volume, SL, Magic Number, S/L Price, Ticket ID, Order ID, Net Profit, SWAP, Open Price, Position ID, Ticket ID 1, Close Reason, Type, Overall, Close, Commission, Close Price, T/P Price, Comment, Risk, Profit, Name
2025-09-16 00:20:27,297 - INFO - Configuration:
2025-09-16 00:20:27,297 - INFO -   - Accounts: ['Mix']
2025-09-16 00:20:27,297 - INFO -   - Lookback days: 14
2025-09-16 00:20:27,297 - INFO -   - Sync interval: 15 minutes
2025-09-16 00:20:31,504 - INFO - Starting sync cycle
2025-09-16 00:20:31,504 - INFO - Syncing account: Mix
2025-09-16 00:20:31,506 - INFO - MT5 Connected to account 103331176
2025-09-16 00:20:31,510 - INFO - Found 10 closed trades for Mix
2025-09-16 00:20:36,231 - INFO - [SUCCESS] Trade 1001705653 added successfully
2025-09-16 00:20:38,007 - INFO - [SUCCESS] Trade 1004853550 added successfully
2025-09-16 00:20:38,866 - INFO - [SUCCESS] Trade 1005305517 added successfully
2025-09-16 00:20:40,043 - INFO - [SUCCESS] Trade 1005308168 added successfully
2025-09-16 00:20:40,903 - INFO - [SUCCESS] Trade 1010528739 added successfully
2025-09-16 00:20:41,696 - INFO - [SUCCESS] Trade 1013865990 added successfully
2025-09-16 00:20:43,166 - INFO - [SUCCESS] Trade 1013865991 added successfully
2025-09-16 00:20:44,055 - INFO - [SUCCESS] Trade 1015474392 added successfully
2025-09-16 00:20:45,303 - INFO - [SUCCESS] Trade 1015474420 added successfully
2025-09-16 00:20:47,112 - INFO - [SUCCESS] Trade 1019053207 added successfully
2025-09-16 00:20:47,213 - INFO - Account Mix sync completed: 10 added, 0 errors
2025-09-16 00:20:49,214 - INFO - Sync cycle completed: 10 trades added, 0 errors
2025-09-16 00:29:34,674 - INFO - Processing database input: https://www.notion.so/26fed02061a980e6b5ebda39552c...
2025-09-16 00:29:34,676 - INFO - Extracting database ID from Notion URL
2025-09-16 00:29:34,676 - INFO - Extracted and formatted database ID: 26fed020-61a9-80e6-b5eb-da39552c31ad
2025-09-16 00:29:34,676 - INFO - Initializing MT5 to Notion Sync
2025-09-16 00:29:35,472 - INFO - Connected to Notion as: Cortana AI
2025-09-16 00:29:35,472 - INFO - Attempting to retrieve database: 26fed020-61a9-80e6-b5eb-da39552c31ad
2025-09-16 00:29:35,798 - INFO - Connected to database: Record
2025-09-16 00:29:35,800 - INFO - Database properties: TP, Pair, Open, Volume, SL, Magic Number, S/L Price, Ticket ID, Order ID, Net Profit, SWAP, Open Price, Position ID, Ticket ID 1, Close Reason, Type, Overall, Close, Commission, Close Price, T/P Price, Comment, Risk, Profit, Name
2025-09-16 00:29:35,800 - INFO - Configuration:
2025-09-16 00:29:35,800 - INFO -   - Accounts: ['Mix']
2025-09-16 00:29:35,800 - INFO -   - Lookback days: 365
2025-09-16 00:29:35,800 - INFO -   - Sync interval: 15 minutes
2025-09-16 00:29:38,544 - INFO - Starting sync cycle
2025-09-16 00:29:38,544 - INFO - Syncing account: Mix
2025-09-16 00:29:38,546 - INFO - MT5 Connected to account 103331176
2025-09-16 00:29:38,577 - INFO - Found 153 closed trades for Mix
2025-09-16 00:29:39,362 - INFO - [SUCCESS] Trade 641876172 added successfully
2025-09-16 00:29:42,710 - INFO - [SUCCESS] Trade 642101438 added successfully
2025-09-16 00:29:43,554 - INFO - [SUCCESS] Trade 642101439 added successfully
2025-09-16 00:29:44,377 - INFO - [SUCCESS] Trade 642549589 added successfully
2025-09-16 00:29:45,231 - INFO - [SUCCESS] Trade 642549594 added successfully
2025-09-16 00:29:46,075 - INFO - [SUCCESS] Trade 642549598 added successfully
2025-09-16 00:29:46,996 - INFO - [SUCCESS] Trade 663783443 added successfully
2025-09-16 00:29:47,834 - INFO - [SUCCESS] Trade 663923259 added successfully
2025-09-16 00:29:48,690 - INFO - [SUCCESS] Trade 663987052 added successfully
2025-09-16 00:29:49,593 - INFO - [SUCCESS] Trade 664131279 added successfully
2025-09-16 00:29:50,499 - INFO - [SUCCESS] Trade 664131280 added successfully
2025-09-16 00:29:54,948 - INFO - [SUCCESS] Trade 664131281 added successfully
2025-09-16 00:29:58,076 - INFO - [SUCCESS] Trade 664131282 added successfully
2025-09-16 00:29:58,972 - INFO - [SUCCESS] Trade 664131283 added successfully
2025-09-16 00:29:59,800 - INFO - [SUCCESS] Trade 664131284 added successfully
2025-09-16 00:30:01,246 - INFO - [SUCCESS] Trade 664131285 added successfully
2025-09-16 00:30:02,658 - INFO - [SUCCESS] Trade 664131286 added successfully
2025-09-16 00:30:05,875 - INFO - [SUCCESS] Trade 664131287 added successfully
2025-09-16 00:30:07,591 - INFO - [SUCCESS] Trade 664131288 added successfully
2025-09-16 00:30:08,442 - INFO - [SUCCESS] Trade 664131289 added successfully
2025-09-16 00:30:10,744 - INFO - [SUCCESS] Trade 664131290 added successfully
2025-09-16 00:30:12,874 - INFO - [SUCCESS] Trade 664131291 added successfully
2025-09-16 00:30:15,041 - INFO - [SUCCESS] Trade 664131299 added successfully
2025-09-16 00:30:16,851 - INFO - [SUCCESS] Trade 664208326 added successfully
2025-09-16 00:30:17,744 - INFO - [SUCCESS] Trade 664233728 added successfully
2025-09-16 00:30:20,026 - INFO - [SUCCESS] Trade 666890710 added successfully
2025-09-16 00:30:20,831 - INFO - [SUCCESS] Trade 666891193 added successfully
2025-09-16 00:30:22,312 - INFO - [SUCCESS] Trade 666891202 added successfully
2025-09-16 00:30:26,426 - INFO - [SUCCESS] Trade 666975012 added successfully
2025-09-16 00:30:27,237 - INFO - [SUCCESS] Trade 667181484 added successfully
2025-09-16 00:30:28,479 - INFO - [SUCCESS] Trade 667181534 added successfully
2025-09-16 00:30:32,580 - INFO - [SUCCESS] Trade 667181568 added successfully
2025-09-16 00:30:33,354 - INFO - [SUCCESS] Trade 667181588 added successfully
2025-09-16 00:30:34,232 - INFO - [SUCCESS] Trade 668596067 added successfully
2025-09-16 00:30:35,029 - INFO - [SUCCESS] Trade 668597456 added successfully
2025-09-16 00:30:37,787 - INFO - [SUCCESS] Trade 668597458 added successfully
2025-09-16 00:30:38,657 - INFO - [SUCCESS] Trade 668597459 added successfully
2025-09-16 00:30:39,701 - INFO - [SUCCESS] Trade 668660605 added successfully
2025-09-16 00:30:42,324 - INFO - [SUCCESS] Trade 669381006 added successfully
2025-09-16 00:30:44,059 - INFO - [SUCCESS] Trade 670809959 added successfully
2025-09-16 00:30:44,866 - INFO - [SUCCESS] Trade 670871594 added successfully
2025-09-16 00:30:47,466 - INFO - [SUCCESS] Trade 670982425 added successfully
2025-09-16 00:30:48,508 - INFO - [SUCCESS] Trade 671055355 added successfully
2025-09-16 00:30:51,144 - INFO - [SUCCESS] Trade 671055356 added successfully
2025-09-16 00:30:52,918 - INFO - [SUCCESS] Trade 671055360 added successfully
2025-09-16 00:30:54,408 - INFO - [SUCCESS] Trade 671683578 added successfully
2025-09-16 00:30:55,294 - INFO - [SUCCESS] Trade 671683607 added successfully
2025-09-16 00:31:05,324 - INFO - [SUCCESS] Trade 671683639 added successfully
2025-09-16 00:31:06,560 - INFO - [SUCCESS] Trade 673404324 added successfully
2025-09-16 00:31:07,347 - INFO - [SUCCESS] Trade 673552688 added successfully
2025-09-16 00:31:08,261 - INFO - [SUCCESS] Trade 674073586 added successfully
2025-09-16 00:31:09,044 - INFO - [SUCCESS] Trade 674861317 added successfully
2025-09-16 00:31:09,837 - INFO - [SUCCESS] Trade 675180171 added successfully
2025-09-16 00:31:10,868 - INFO - [SUCCESS] Trade 675180179 added successfully
2025-09-16 00:31:14,114 - INFO - [SUCCESS] Trade 675180202 added successfully
2025-09-16 00:31:16,896 - INFO - [SUCCESS] Trade 675244380 added successfully
2025-09-16 00:31:18,290 - INFO - [SUCCESS] Trade 675417566 added successfully
2025-09-16 00:31:19,170 - INFO - [SUCCESS] Trade 675502301 added successfully
2025-09-16 00:31:20,017 - INFO - [SUCCESS] Trade 861586908 added successfully
2025-09-16 00:31:22,063 - INFO - [SUCCESS] Trade 861697054 added successfully
2025-09-16 00:31:22,895 - INFO - [SUCCESS] Trade 861933819 added successfully
2025-09-16 00:31:24,697 - INFO - [SUCCESS] Trade 864685908 added successfully
2025-09-16 00:31:25,793 - INFO - [SUCCESS] Trade 868683397 added successfully
2025-09-16 00:31:31,080 - INFO - [SUCCESS] Trade 870724229 added successfully
2025-09-16 00:31:32,191 - INFO - [SUCCESS] Trade 871082367 added successfully
2025-09-16 00:31:35,704 - INFO - [SUCCESS] Trade 871083671 added successfully
2025-09-16 00:31:39,532 - INFO - [SUCCESS] Trade 872339653 added successfully
2025-09-16 00:31:40,459 - INFO - [SUCCESS] Trade 879439402 added successfully
2025-09-16 00:31:41,259 - INFO - [SUCCESS] Trade 879439404 added successfully
2025-09-16 00:31:42,156 - INFO - [SUCCESS] Trade 881604446 added successfully
2025-09-16 00:31:43,029 - INFO - [SUCCESS] Trade 881614787 added successfully
2025-09-16 00:31:43,990 - INFO - [SUCCESS] Trade 881614812 added successfully
2025-09-16 00:31:44,813 - INFO - [SUCCESS] Trade 881614813 added successfully
2025-09-16 00:31:45,870 - INFO - [SUCCESS] Trade 881762479 added successfully
2025-09-16 00:31:47,859 - INFO - [SUCCESS] Trade 881789074 added successfully
2025-09-16 00:31:49,871 - INFO - [SUCCESS] Trade 896933826 added successfully
2025-09-16 00:31:50,964 - INFO - [SUCCESS] Trade 909716098 added successfully
2025-09-16 00:31:51,835 - INFO - [SUCCESS] Trade 909870360 added successfully
2025-09-16 00:31:53,362 - INFO - [SUCCESS] Trade 918009513 added successfully
2025-09-16 00:31:54,209 - INFO - [SUCCESS] Trade 918542138 added successfully
2025-09-16 00:31:58,927 - INFO - [SUCCESS] Trade 931938374 added successfully
2025-09-16 00:31:59,837 - INFO - [SUCCESS] Trade 933186344 added successfully
2025-09-16 00:32:09,162 - INFO - [SUCCESS] Trade 933186352 added successfully
2025-09-16 00:32:10,039 - INFO - [SUCCESS] Trade 935772947 added successfully
2025-09-16 00:32:13,486 - INFO - [SUCCESS] Trade 938447667 added successfully
2025-09-16 00:32:14,244 - INFO - [SUCCESS] Trade 938758677 added successfully
2025-09-16 00:32:17,147 - INFO - [SUCCESS] Trade 941688261 added successfully
2025-09-16 00:32:18,003 - INFO - [SUCCESS] Trade 943996819 added successfully
2025-09-16 00:32:19,573 - INFO - [SUCCESS] Trade 944069893 added successfully
2025-09-16 00:32:22,325 - INFO - [SUCCESS] Trade 953442554 added successfully
2025-09-16 00:32:23,450 - INFO - [SUCCESS] Trade 953442559 added successfully
2025-09-16 00:32:24,217 - INFO - [SUCCESS] Trade 953442650 added successfully
2025-09-16 00:32:25,969 - INFO - [SUCCESS] Trade 953442655 added successfully
2025-09-16 00:32:26,785 - INFO - [SUCCESS] Trade 954066622 added successfully
2025-09-16 00:32:27,634 - INFO - [SUCCESS] Trade 954097503 added successfully
2025-09-16 00:32:28,553 - INFO - [SUCCESS] Trade 954811946 added successfully
2025-09-16 00:32:29,353 - INFO - [SUCCESS] Trade 954812217 added successfully
2025-09-16 00:32:30,207 - INFO - [SUCCESS] Trade 954812343 added successfully
2025-09-16 00:32:31,625 - INFO - [SUCCESS] Trade 954812574 added successfully
2025-09-16 00:32:33,675 - INFO - [SUCCESS] Trade 954814219 added successfully
2025-09-16 00:32:34,668 - INFO - [SUCCESS] Trade 954814492 added successfully
2025-09-16 00:32:35,487 - INFO - [SUCCESS] Trade 954814805 added successfully
2025-09-16 00:32:36,410 - INFO - [SUCCESS] Trade 954821809 added successfully
2025-09-16 00:32:37,849 - INFO - [SUCCESS] Trade 955220136 added successfully
2025-09-16 00:32:38,770 - INFO - [SUCCESS] Trade 955860721 added successfully
2025-09-16 00:32:39,799 - INFO - [SUCCESS] Trade 955861760 added successfully
2025-09-16 00:32:40,555 - INFO - [SUCCESS] Trade 955861766 added successfully
2025-09-16 00:32:41,376 - INFO - [SUCCESS] Trade 955861773 added successfully
2025-09-16 00:32:42,298 - INFO - [SUCCESS] Trade 955861777 added successfully
2025-09-16 00:32:43,052 - INFO - [SUCCESS] Trade 955861791 added successfully
2025-09-16 00:32:48,873 - INFO - [SUCCESS] Trade 955862232 added successfully
2025-09-16 00:32:50,697 - INFO - [SUCCESS] Trade 955862621 added successfully
2025-09-16 00:32:51,881 - INFO - [SUCCESS] Trade 955864263 added successfully
2025-09-16 00:32:53,268 - INFO - [SUCCESS] Trade 956068520 added successfully
2025-09-16 00:32:54,479 - INFO - [SUCCESS] Trade 956068672 added successfully
2025-09-16 00:32:55,384 - INFO - [SUCCESS] Trade 959136851 added successfully
2025-09-16 00:32:56,237 - INFO - [SUCCESS] Trade 960652747 added successfully
2025-09-16 00:32:57,229 - INFO - [SUCCESS] Trade 969560094 added successfully
2025-09-16 00:32:58,414 - INFO - [SUCCESS] Trade 969560139 added successfully
2025-09-16 00:32:59,933 - INFO - [SUCCESS] Trade 969560146 added successfully
2025-09-16 00:33:01,517 - INFO - [SUCCESS] Trade 973511597 added successfully
2025-09-16 00:33:08,898 - INFO - [SUCCESS] Trade 973516802 added successfully
2025-09-16 00:33:12,398 - INFO - [SUCCESS] Trade 973516809 added successfully
2025-09-16 00:33:14,829 - INFO - [SUCCESS] Trade 975671637 added successfully
2025-09-16 00:33:15,716 - INFO - [SUCCESS] Trade 975671640 added successfully
2025-09-16 00:33:16,525 - INFO - [SUCCESS] Trade 975671641 added successfully
2025-09-16 00:33:17,347 - INFO - [SUCCESS] Trade 975671642 added successfully
2025-09-16 00:33:18,530 - INFO - [SUCCESS] Trade 976786899 added successfully
2025-09-16 00:33:19,733 - INFO - [SUCCESS] Trade 979148529 added successfully
2025-09-16 00:33:21,011 - INFO - [SUCCESS] Trade 982627905 added successfully
2025-09-16 00:33:23,074 - INFO - [SUCCESS] Trade 982627907 added successfully
2025-09-16 00:33:24,254 - INFO - [SUCCESS] Trade 983796211 added successfully
2025-09-16 00:33:25,738 - INFO - [SUCCESS] Trade 986015068 added successfully
2025-09-16 00:33:27,104 - INFO - [SUCCESS] Trade 989777346 added successfully
2025-09-16 00:33:27,976 - INFO - [SUCCESS] Trade 989777350 added successfully
2025-09-16 00:33:28,805 - INFO - [SUCCESS] Trade 989777353 added successfully
2025-09-16 00:33:31,982 - INFO - [SUCCESS] Trade 997584848 added successfully
2025-09-16 00:33:32,921 - INFO - [SUCCESS] Trade 997584851 added successfully
2025-09-16 00:33:33,941 - INFO - [SUCCESS] Trade 997584852 added successfully
2025-09-16 00:33:35,201 - INFO - [SUCCESS] Trade 997584853 added successfully
2025-09-16 00:33:35,995 - INFO - [SUCCESS] Trade 1000666890 added successfully
2025-09-16 00:33:37,533 - INFO - [SUCCESS] Trade 1000666892 added successfully
2025-09-16 00:33:38,485 - INFO - [SUCCESS] Trade 1000666895 added successfully
2025-09-16 00:33:44,684 - INFO - Account Mix sync completed: 143 added, 0 errors
2025-09-16 00:33:46,685 - INFO - Sync cycle completed: 143 trades added, 0 errors
2025-09-16 00:35:02,842 - INFO - Processing database input: https://www.notion.so/26fed02061a980e6b5ebda39552c...
2025-09-16 00:35:02,842 - INFO - Extracting database ID from Notion URL
2025-09-16 00:35:02,843 - INFO - Extracted and formatted database ID: 26fed020-61a9-80e6-b5eb-da39552c31ad
2025-09-16 00:35:02,843 - INFO - Initializing MT5 to Notion Sync
2025-09-16 00:35:03,673 - INFO - Connected to Notion as: Cortana AI
2025-09-16 00:35:03,673 - INFO - Attempting to retrieve database: 26fed020-61a9-80e6-b5eb-da39552c31ad
2025-09-16 00:35:04,091 - INFO - Connected to database: Record
2025-09-16 00:35:04,091 - INFO - Database properties: TP, Pair, Open, Volume, SL, Magic Number, S/L Price, Ticket ID, Order ID, Net Profit, SWAP, Open Price, Position ID, Ticket ID 1, Close Reason, Type, Overall, Close, Commission, Close Price, T/P Price, Comment, Risk, Profit, Name
2025-09-16 00:35:04,092 - INFO - Configuration:
2025-09-16 00:35:04,092 - INFO -   - Accounts: ['Mix']
2025-09-16 00:35:04,092 - INFO -   - Lookback days: 365
2025-09-16 00:35:04,092 - INFO -   - Sync interval: 15 minutes
2025-09-16 00:37:25,944 - INFO - Starting sync cycle
2025-09-16 00:37:25,945 - INFO - Syncing account: Mix
2025-09-16 00:37:25,947 - INFO - MT5 Connected to account 103331176
2025-09-16 00:37:25,977 - INFO - Found 153 closed trades for Mix
2025-09-16 00:39:07,478 - INFO - Account Mix sync completed: 0 added, 0 errors
2025-09-16 00:39:09,479 - INFO - Sync cycle completed: 0 trades added, 0 errors
2025-09-16 00:39:24,590 - INFO - Processing database input: https://www.notion.so/26fed02061a980e6b5ebda39552c...
2025-09-16 00:39:24,590 - INFO - Extracting database ID from Notion URL
2025-09-16 00:39:24,591 - INFO - Extracted and formatted database ID: 26fed020-61a9-80e6-b5eb-da39552c31ad
2025-09-16 00:39:24,591 - INFO - Initializing MT5 to Notion Sync
2025-09-16 00:39:25,323 - INFO - Connected to Notion as: Cortana AI
2025-09-16 00:39:25,323 - INFO - Attempting to retrieve database: 26fed020-61a9-80e6-b5eb-da39552c31ad
2025-09-16 00:39:26,020 - INFO - Connected to database: Record
2025-09-16 00:39:26,020 - INFO - Database properties: TP, Pair, Open, Volume, SL, Magic Number, S/L Price, Ticket ID, Order ID, Net Profit, SWAP, Open Price, Position ID, Ticket ID 1, Close Reason, Type, Overall, Close, Commission, Close Price, T/P Price, Comment, Risk, Profit, Name
2025-09-16 00:39:26,020 - INFO - Configuration:
2025-09-16 00:39:26,020 - INFO -   - Accounts: ['Mix']
2025-09-16 00:39:26,020 - INFO -   - Lookback days: 365
2025-09-16 00:39:26,020 - INFO -   - Sync interval: 15 minutes
2025-09-16 00:39:36,089 - INFO - Starting sync cycle
2025-09-16 00:39:36,089 - INFO - Syncing account: Mix
2025-09-16 00:39:36,091 - INFO - MT5 Connected to account 103331176
2025-09-16 00:39:36,121 - INFO - Found 153 closed trades for Mix
2025-09-16 00:39:57,116 - INFO - Processing database input: https://www.notion.so/26fed02061a980e6b5ebda39552c...
2025-09-16 00:39:57,117 - INFO - Extracting database ID from Notion URL
2025-09-16 00:39:57,117 - INFO - Extracted and formatted database ID: 26fed020-61a9-80e6-b5eb-da39552c31ad
2025-09-16 00:39:57,117 - INFO - Initializing MT5 to Notion Sync
2025-09-16 00:39:57,547 - INFO - Connected to Notion as: Cortana AI
2025-09-16 00:39:57,547 - INFO - Attempting to retrieve database: 26fed020-61a9-80e6-b5eb-da39552c31ad
2025-09-16 00:39:57,870 - INFO - Connected to database: Record
2025-09-16 00:39:57,870 - INFO - Database properties: TP, Pair, Open, Volume, SL, Magic Number, S/L Price, Ticket ID, Order ID, Net Profit, SWAP, Open Price, Position ID, Ticket ID 1, Close Reason, Type, Overall, Close, Commission, Close Price, T/P Price, Comment, Risk, Profit, Name
2025-09-16 00:39:57,870 - INFO - Configuration:
2025-09-16 00:39:57,871 - INFO -   - Accounts: ['Mix']
2025-09-16 00:39:57,871 - INFO -   - Lookback days: 30
2025-09-16 00:39:57,871 - INFO -   - Sync interval: 15 minutes
2025-09-16 00:40:00,392 - INFO - Starting sync cycle
2025-09-16 00:40:00,393 - INFO - Syncing account: Mix
2025-09-16 00:40:00,395 - INFO - MT5 Connected to account 103331176
2025-09-16 00:40:00,404 - INFO - Found 26 closed trades for Mix
2025-09-16 00:40:16,240 - INFO - Account Mix sync completed: 0 added, 0 errors
2025-09-16 00:40:18,241 - INFO - Sync cycle completed: 0 trades added, 0 errors
